Build started 3/16/2016 11:35:53 PM.
     1>Project "E:\BPR_2016\Computation\PatternRecognition\PatternRecognition\PatternRecognition.vcxproj" on node 2 (Build target(s)).
     1>ClCompile:
         E:\Visual Studio Community 2013\VC\bin\CL.exe /c /ZI /nologo /W3 /WX- /sdl /Od /Oy- /D _MBCS /Gm /EHsc /RTC1 /MDd /GS /fp:precise /Zc:wchar_t /Zc:forScope /Fo"Debug\\" /Fd"Debug\vc120.pdb" /Gd /TP /analyze- /errorReport:prompt main.cpp
         main.cpp
     1>e:\bpr_2016\computation\patternrecognition\patternrecognition\main.cpp(34): warning C4018: '<' : signed/unsigned mismatch
     1>e:\bpr_2016\computation\patternrecognition\patternrecognition\main.cpp(38): warning C4018: '<' : signed/unsigned mismatch
     1>e:\bpr_2016\computation\patternrecognition\patternrecognition\main.cpp(42): warning C4018: '<' : signed/unsigned mismatch
     1>e:\bpr_2016\computation\patternrecognition\patternrecognition\main.cpp(46): warning C4018: '<' : signed/unsigned mismatch
     1>e:\bpr_2016\computation\patternrecognition\patternrecognition\main.cpp(50): warning C4018: '<' : signed/unsigned mismatch
     1>e:\bpr_2016\computation\patternrecognition\patternrecognition\main.cpp(57): warning C4018: '<' : signed/unsigned mismatch
     1>e:\bpr_2016\computation\patternrecognition\patternrecognition\main.cpp(67): warning C4018: '<' : signed/unsigned mismatch
     1>e:\bpr_2016\computation\patternrecognition\patternrecognition\main.cpp(77): warning C4018: '<' : signed/unsigned mismatch
     1>e:\bpr_2016\computation\patternrecognition\patternrecognition\main.cpp(88): warning C4018: '<' : signed/unsigned mismatch
     1>e:\bpr_2016\computation\patternrecognition\patternrecognition\main.cpp(99): warning C4018: '<' : signed/unsigned mismatch
     1>e:\bpr_2016\computation\patternrecognition\patternrecognition\main.cpp(117): warning C4018: '<' : signed/unsigned mismatch
     1>e:\bpr_2016\computation\patternrecognition\patternrecognition\main.cpp(121): warning C4018: '<' : signed/unsigned mismatch
     1>e:\bpr_2016\computation\patternrecognition\patternrecognition\main.cpp(125): warning C4018: '<' : signed/unsigned mismatch
     1>e:\bpr_2016\computation\patternrecognition\patternrecognition\main.cpp(129): warning C4018: '<' : signed/unsigned mismatch
     1>e:\bpr_2016\computation\patternrecognition\patternrecognition\main.cpp(133): warning C4018: '<' : signed/unsigned mismatch
     1>e:\bpr_2016\computation\patternrecognition\patternrecognition\main.cpp(137): warning C4018: '<' : signed/unsigned mismatch
     1>e:\bpr_2016\computation\patternrecognition\patternrecognition\main.cpp(147): warning C4018: '<' : signed/unsigned mismatch
     1>e:\bpr_2016\computation\patternrecognition\patternrecognition\main.cpp(158): warning C4018: '<' : signed/unsigned mismatch
     1>e:\bpr_2016\computation\patternrecognition\patternrecognition\main.cpp(169): warning C4018: '<' : signed/unsigned mismatch
     1>e:\bpr_2016\computation\patternrecognition\patternrecognition\main.cpp(180): warning C4018: '<' : signed/unsigned mismatch
       Link:
         E:\Visual Studio Community 2013\VC\bin\link.exe /ERRORREPORT:PROMPT /OUT:"E:\BPR_2016\Computation\PatternRecognition\Debug\PatternRecognition.exe" /INCREMENTAL /NOLOGO kernel32.lib user32.lib gdi32.lib winspool.lib comdlg32.lib advapi32.lib shell32.lib ole32.lib oleaut32.lib uuid.lib odbc32.lib odbccp32.lib /MANIFEST /MANIFESTUAC:"level='asInvoker' uiAccess='false'" /manifest:embed /DEBUG /PDB:"E:\BPR_2016\Computation\PatternRecognition\Debug\PatternRecognition.pdb" /TLBID:1 /DYNAMICBASE /NXCOMPAT /IMPLIB:"E:\BPR_2016\Computation\PatternRecognition\Debug\PatternRecognition.lib" /MACHINE:X86 Debug\main.obj
         Debug\vData.obj
         PatternRecognition.vcxproj -> E:\BPR_2016\Computation\PatternRecognition\Debug\PatternRecognition.exe
     1>Done Building Project "E:\BPR_2016\Computation\PatternRecognition\PatternRecognition\PatternRecognition.vcxproj" (Build target(s)).

Build succeeded.

Time Elapsed 00:00:00.63
